生成启动时间为 2015/9/24 21:23:00。
     1>项目“G:\visual studio 2013\Projects\lab8_DES\lab8_DES\lab8_DES.vcxproj”在节点 2 上(Build 个目标)。
     1>ClCompile:
         D:\Microsoft Visual Studio 12.0\VC\bin\CL.exe /c /Zi /nologo /W3 /WX- /sdl /O2 /Oi /Oy- /GL /D WIN32 /D NDEBUG /D _CONSOLE /D _LIB /D _CRT_SECURE_NO_WARNINGS /D _UNICODE /D UNICODE /Gm- /EHsc /MT /GS /Gy /fp:precise /Zc:wchar_t /Zc:forScope /Yc"stdafx.h" /Fp"Release\lab8_DES.pch" /Fo"Release\\" /Fd"Release\vc120.pdb" /Gd /TP /analyze- /errorReport:prompt stdafx.cpp
         stdafx.cpp
         D:\Microsoft Visual Studio 12.0\VC\bin\CL.exe /c /Zi /nologo /W3 /WX- /sdl /O2 /Oi /Oy- /GL /D WIN32 /D NDEBUG /D _CONSOLE /D _LIB /D _CRT_SECURE_NO_WARNINGS /D _UNICODE /D UNICODE /Gm- /EHsc /MT /GS /Gy /fp:precise /Zc:wchar_t /Zc:forScope /Yu"stdafx.h" /Fp"Release\lab8_DES.pch" /Fo"Release\\" /Fd"Release\vc120.pdb" /Gd /TP /analyze- /errorReport:prompt DES_encode.cpp lab8_DES.cpp
         DES_encode.cpp
     1>DES_encode.cpp(226): warning C4800: “int”: 将值强制为布尔值“true”或“false”(性能警告)
     1>DES_encode.cpp(279): warning C4258: “i”: 忽略 For 循环中的定义；使用封闭范围中的定义
                 DES_encode.cpp(276) : 忽略“i”的定义
                 DES_encode.cpp(262) : 使用“i”的定义
     1>DES_encode.cpp(288): warning C4258: “i”: 忽略 For 循环中的定义；使用封闭范围中的定义
                 DES_encode.cpp(285) : 忽略“i”的定义
                 DES_encode.cpp(262) : 使用“i”的定义
     1>DES_encode.cpp(291): warning C4258: “i”: 忽略 For 循环中的定义；使用封闭范围中的定义
                 DES_encode.cpp(289) : 忽略“i”的定义
                 DES_encode.cpp(262) : 使用“i”的定义
     1>DES_encode.cpp(390): warning C4800: “int”: 将值强制为布尔值“true”或“false”(性能警告)
     1>DES_encode.cpp(403): warning C4800: “int”: 将值强制为布尔值“true”或“false”(性能警告)
     1>DES_encode.cpp(409): warning C4800: “unsigned int”: 将值强制为布尔值“true”或“false”(性能警告)
     1>DES_encode.cpp(467): warning C4805: “^=”: 在操作中将类型“bool”与类型“int”混合不安全
     1>DES_encode.cpp(467): warning C4805: “^”: 在操作中将类型“bool”与类型“int”混合不安全
     1>DES_encode.cpp(467): warning C4800: “int”: 将值强制为布尔值“true”或“false”(性能警告)
     1>DES_encode.cpp(469): warning C4805: “^=”: 在操作中将类型“bool”与类型“int”混合不安全
     1>DES_encode.cpp(469): warning C4805: “^”: 在操作中将类型“bool”与类型“int”混合不安全
     1>DES_encode.cpp(469): warning C4800: “int”: 将值强制为布尔值“true”或“false”(性能警告)
     1>DES_encode.cpp(686): warning C4800: “int”: 将值强制为布尔值“true”或“false”(性能警告)
         lab8_DES.cpp
     1>lab8_DES.cpp(19): warning C4101: “err”: 未引用的局部变量
     1>lab8_DES.cpp(48): warning C4101: “err”: 未引用的局部变量
     1>lab8_DES.cpp(187): warning C4244: “=”: 从“double”转换到“int”，可能丢失数据
     1>lab8_DES.cpp(283): warning C4244: “=”: 从“int”转换到“float”，可能丢失数据
     1>lab8_DES.cpp(284): warning C4244: “=”: 从“int”转换到“float”，可能丢失数据
     1>lab8_DES.cpp(285): warning C4244: “=”: 从“double”转换到“float”，可能丢失数据
     1>lab8_DES.cpp(286): warning C4244: “=”: 从“double”转换到“float”，可能丢失数据
     1>lab8_DES.cpp(224): warning C4101: “err”: 未引用的局部变量
     1>lab8_DES.cpp(501): warning C4305: “初始化”: 从“double”到“float”截断
     1>lab8_DES.cpp(519): warning C4244: “=”: 从“int”转换到“float”，可能丢失数据
     1>lab8_DES.cpp(546): warning C4244: “=”: 从“double”转换到“float”，可能丢失数据
     1>lab8_DES.cpp(548): warning C4244: “=”: 从“double”转换到“float”，可能丢失数据
     1>lab8_DES.cpp(563): warning C4244: “=”: 从“int”转换到“float”，可能丢失数据
     1>lab8_DES.cpp(591): warning C4244: “=”: 从“double”转换到“float”，可能丢失数据
     1>lab8_DES.cpp(593): warning C4244: “=”: 从“double”转换到“float”，可能丢失数据
     1>lab8_DES.cpp(608): warning C4244: “=”: 从“double”转换到“float”，可能丢失数据
     1>lab8_DES.cpp(610): warning C4244: “=”: 从“double”转换到“float”，可能丢失数据
     1>lab8_DES.cpp(613): warning C4244: “=”: 从“int”转换到“float”，可能丢失数据
     1>lab8_DES.cpp(641): warning C4244: “=”: 从“double”转换到“float”，可能丢失数据
     1>lab8_DES.cpp(643): warning C4244: “=”: 从“double”转换到“float”，可能丢失数据
     1>lab8_DES.cpp(702): warning C4244: “=”: 从“double”转换到“float”，可能丢失数据
     1>lab8_DES.cpp(704): warning C4244: “=”: 从“double”转换到“float”，可能丢失数据
     1>lab8_DES.cpp(711): warning C4244: “=”: 从“double”转换到“float”，可能丢失数据
     1>lab8_DES.cpp(748): warning C4244: “=”: 从“double”转换到“float”，可能丢失数据
     1>lab8_DES.cpp(750): warning C4244: “=”: 从“double”转换到“float”，可能丢失数据
     1>lab8_DES.cpp(757): warning C4244: “=”: 从“double”转换到“float”，可能丢失数据
     1>lab8_DES.cpp(794): warning C4244: “=”: 从“double”转换到“float”，可能丢失数据
     1>lab8_DES.cpp(796): warning C4244: “=”: 从“double”转换到“float”，可能丢失数据
     1>lab8_DES.cpp(803): warning C4244: “=”: 从“double”转换到“float”，可能丢失数据
     1>lab8_DES.cpp(816): warning C4244: “=”: 从“double”转换到“float”，可能丢失数据
     1>lab8_DES.cpp(852): warning C4244: “=”: 从“double”转换到“int”，可能丢失数据
     1>lab8_DES.cpp(858): warning C4244: “=”: 从“double”转换到“float”，可能丢失数据
     1>lab8_DES.cpp(859): warning C4244: “=”: 从“double”转换到“float”，可能丢失数据
     1>lab8_DES.cpp(871): warning C4244: “=”: 从“double”转换到“float”，可能丢失数据
     1>lab8_DES.cpp(872): warning C4244: “=”: 从“double”转换到“float”，可能丢失数据
     1>lab8_DES.cpp(886): warning C4244: “=”: 从“double”转换到“float”，可能丢失数据
     1>lab8_DES.cpp(887): warning C4244: “=”: 从“double”转换到“float”，可能丢失数据
     1>lab8_DES.cpp(892): warning C4244: “=”: 从“double”转换到“float”，可能丢失数据
     1>lab8_DES.cpp(893): warning C4244: “=”: 从“double”转换到“float”，可能丢失数据
       Link:
         D:\Microsoft Visual Studio 12.0\VC\bin\link.exe /ERRORREPORT:PROMPT /OUT:"G:\visual studio 2013\Projects\lab8_DES\Release\lab8_DES.exe" /INCREMENTAL:NO /NOLOGO kernel32.lib user32.lib gdi32.lib winspool.lib comdlg32.lib advapi32.lib shell32.lib ole32.lib oleaut32.lib uuid.lib odbc32.lib odbccp32.lib /MANIFEST /MANIFESTUAC:"level='asInvoker' uiAccess='false'" /manifest:embed /DEBUG /PDB:"G:\visual studio 2013\Projects\lab8_DES\Release\lab8_DES.pdb" /SUBSYSTEM:CONSOLE /OPT:REF /OPT:ICF /LTCG /TLBID:1 /DYNAMICBASE /NXCOMPAT /IMPLIB:"G:\visual studio 2013\Projects\lab8_DES\Release\lab8_DES.lib" /MACHINE:X86 /SAFESEH Release\DES_encode.obj
         Release\lab8_DES.obj
         Release\stdafx.obj
         正在生成代码
         已完成代码的生成
         lab8_DES.vcxproj -> G:\visual studio 2013\Projects\lab8_DES\Release\lab8_DES.exe
     1>已完成生成项目“G:\visual studio 2013\Projects\lab8_DES\lab8_DES\lab8_DES.vcxproj”(Build 个目标)的操作。

生成成功。

已用时间 00:00:40.41
